30484
20200
20788
17449
17090
11766
9825
5792
4647
2918
2235
4719
4656
5323
4672
5737
4380
5600
6609
5946
5350
4369
3107
1665
1836
1423
1290
1201
1439
1845
2226
2204
3664
2939
2717
3234
3378
2033
1981
1961
2209
2642
2554
2645
2265
1210
627
580
607
1162
1382
1735
1706
1699
1217
2577
2326
2516
2459
2540
819
830
1232
1353
2513
2554
3489
2927
3129
2314
6753
5910
6325
6311
6582
2171
2446
1932
1924
1294
1171
1457
1529
1197
1997
2387
2499
2598
3850
3361
3053
2273
2427
1141
986
933
833
591
737
426
446
573
446
1475
1593
1834
1724
1724
574
697
407
477
491
510
295
260
192
276
243
242
291
291
959
1591
1593
1596
1563
905
283
265
559
601
629
663
702
408
936
1003
932
993
934
391
597
661
600
806
822
1040
1005
965
804
858
576
725
1116
1115
1255
1090
903
560
636
593
665
778
719
794
787
632
549
3957
4100
3920
3851
4060
673
1168
1177
1306
1461
1495
748
754
735
336
382
365
337
1003
1322
1231
1193
1323
609
363
403
623
525
1953
1901
2030
2078
2061
1177
4095
3909
3793
3776
3368
702
1094
1331
1678
1477
1223
878
493
2920
3010
3067
3340
3374
949
835
814
553
710
417
530
589
600
572
554
441
574
530
438
439
630
446
520
489
489
390
377
394
431
3014
2960
2981
2891
2867
240
202
187
276
304
326
715
670
830
863
874
494
607
1002
1135
1122
1119
1042
696
433
471
468
510
261
253
707
863
3059
3844
3876
3502
3396
1234
366
386
299
290
298
314
413
413
369
630
604
537
623
792
816
1165
1318
1272
1206
1068
1649
1445
1353
1324
1103
184
197
411
375
353
419
408
1462
2378
2571
2579
2631
1543
612
457
523
1133
2832
2827
2803
2859
2328
477
478
456
294
149
187
539
581
779
962
966
757
694
525
423
392
283
391
459
582
763
1025
1011
939
741
643
371
862
1064
1078
1320
1297
782
575
525
809
855
1140
1552
1563
968
906
666
243
281
398
446
435
429
664
555
569
510
570
364
388
351
339
441
794
848
888
1149
1045
675
775
1087
835
815
777
612
287
336
427
4034
4006
4430
4760
5260
1662
1650
1267
901
294
324
593
531
574
601
804
509
604
592
613
508
547
525
758
1627
1503
1465
1518
1221
318
388
433
345
602
622
735
733
1209
948
894
755
758
242
558
2194
2157
2205
2232
2115
464
2076
2089
2067
1891
1896
476
517
2003
2094
2122
1929
2002
765
677
622
703
2349
2103
2345
3083
3001
1194
1219
969
279
301
961
946
968
928
1170
723
722
842
867
1319
1418
1664
1541
1516
834
453
830
936
1102
1119
1278
632
469
490
424
877
1115
1138
1253
1227
694
600
708
520
599
519
401
270
226
258
372
356
428
427
1041
1354
1486
1546
1906
1384
1562
1414
1516
1264
1379
896
912
705
585
297
364
402
390
471
629
459
383
441
351
186
227
295
319
531
878
1389
1375
1313
1071
771
1218
3079
3356
3866
3812
2843
928
634
137
170
318
473
603
561
549
408
289
300
351
322
294
271
136
115
139
136
186
217
176
221
281
271
452
517
527
630
597
394
596
511
372
406
378
476
903
1040
1016
1072
754
478
465
732
949
1258
1171
1203
3792
3622
3277
3479
3299
814
1444
1614
1630
3310
2929
2337
2435
2293
873
951
861
842
1756
1473
1447
1432
1268
259
327
365
472
410
404
374
467
491
687
694
1046
1012
862
826
921
712
763
862
690
688
528
310
219
220
1902
2115
2175
2474
2493
909
1866
1960
1645
1756
1796
787
718
1446
1556
1618
1477
2045
1347
1136
1029
1444
831
784
779
737
732
881
924
1634
2401
2105
1950
2271
1585
690
1139
1142
867
1322
1334
831
950
862
649
586
692
656
743
430
1255
1553
1463
1435
1465
638
135
175
265
826
923
1063
1051
929
426
386
253
195
545
667
680
698
758
419
327
1558
1559
1500
1563
1500
341
309
876
3182
3135
3023
3118
2606
297
325
327
1061
1280
1360
1363
1722
907
1473
1399
1413
1159
1265
424
448
586
458
359
359
578
446
446
625
1151
871
812
803
745
370
468
489
506
401
290
303
365
1113
1090
1708
1834
1825
1066
1247
1005
729
700
685
552
1125
1133
1147
1178
1216
279
1587
1741
1915
2136
2155
919
1622
1422
1098
1069
1000
126
123
259
220
315
278
332
255
804
668
713
687
748
765
893
878
1006
912
417
399
447
369
626
606
568
613
561
500
576
841
751
983
1033
1208
1015
1012
824
777
550
446
412
383
254
245
345
436
449
700
706
716
728
772
553
553
662
574
633
516
493
354
375
351
526
510
389
371
259
265
296
362
362
351
278
215
375
436
524
457
511
335
330
230
468
436
428
540
605
373
351
630
484
923
919
936
754
739
272
317
367
272
288
310
259
1326
1504
1647
1639
1627
533
379
906
956
966
927
913
351
330
522
681
675
600
520
359
509
504
833
941
864
607
563
159
322
322
271
299
352
81
81
115
86
34
66
69
510
559
592
560
589
115
69
55
55
728
879
875
949
949
273
122
152
60
63
101
105
151
211
264
195
413
396
337
389
389
207
157
197
104
165
155
205
402
386
325
295
236
0
0
250
251
261
261
317
97
106
151
151
168
2038
2028
2030
2098
2026
165
168
110
86
86
94
91
91
48
53
12
12
14
49
51
67
314
311
319
312
289
96
96
86
125
152
172
215
182
143
176
102
60
144
274
215
356
355
295
197
197
68
94
72
86
87
76
50
49
2
52
85
152
152
153
117
129
115
121
119
257
244
191
186
186
73
42
42
1329
1385
1404
1402
1479
1123
1067
1032
1051
1052
128
156
131
175
189
214
235
275
254
225
221
349
402
361
490
864
687
766
770
577
200
263
90
86
105
122
76
76
116
97
57
95
95
137
137
137
82
82
34
34
106
165
970
943
1027
956
907
103
97
37
54
44
44
44
73
397
454
506
532
485
528
471
445
422
415
72
89
63
59
102
62
46
95
95
56
120
168
118
118
115
50
50
209
231
231
230
193
113
131
131
131
354
282
342
342
415
184
228
163
163
118
126
77
41
41
62
105
104
106
149
99
58
60
198
195
257
284
316
609
568
506
466
432
0
67
69
69
106
282
249
248
280
246
70
202
219
217
229
925
787
771
740
820
156
126
192
192
208
261
310
243
281
183
98
169
169
131
120
120
41
99
106
117
117
76
24
380
370
453
453
447
110
139
62
81
113
231
260
255
236
828
728
668
685
729
104
107
428
544
505
509
676
372
341
431
426
290
305
204
108
108
2348
2317
2379
2379
2404
156
156
100
146
156
136
145
139
131
164
115
164
212
174
127
127
83
60
134
151
152
160
135
62
71
101
119
152
202
155
181
203
169
119
128
102
39
49
49
81
50
50
454
454
460
508
508
94
94
47
0
56
56
56
125
176
133
176
176
125
87
77
63
65
47
83
110
111
278
278
253
317
287
164
193
230
134
274
273
288
227
243
340
296
611
674
684
447
447
104
41
15
15
15
6
6
6
26
47
79
126
126
177
171
313
266
347
329
365
257
320
238
188
138
67
4
36
32
76
76
99
67
67
24
70
125
125
188
216
213
228
228
165
137
93
30
61
104
144
255
280
266
232
202
98
96
79
73
125
160
7065
7119
7171
7129
7145
219
180
159
251
223
223
211
198
84
147
114
111
132
224
132
132
152
112
62
62
62
203
204
164
188
189
71
70
68
64
105
208
207
261
421
384
265
265
259
134
171
297
3360
3377
3360
3362
3277
214
174
136
91
53
105
98
150
150
130
107
135
88
133
126
124
78
247
202
202
175
195
20
91
91
99
116
156
86
86
78
94
102
102
102
101
61
13
41
75
126
115
166
159
190
446
444
392
380
316
60
207
207
248
270
219
110
149
99
101
188
337
298
344
374
329
203
227
193
140
266
233
251
239
261
93
82
91
107
83
84
142
103
87
122
122
93
81
99
65
73
226
226
208
267
258
59
59
98
45
45
62
702
663
657
718
701
70
70
70
74
126
183
277
277
213
170
264
212
265
264
279
135
112
59
282
385
399
384
384
168
99
136
174
298
290
231
165
390
267
291
310
361
344
356
366
347
296
46
35
101
101
121
123
173
148
198
178
207
157
112
62
90
131
204
172
221
244
173
136
136
87
38
38
2
49
49
58
73
73
40
40
74
62
112
165
196
151
148
160
113
83
83
20931
20908
20887
20910
20910
72
33
42
18
71
68
981
1065
1092
1039
1033
135
761
737
783
782
767
49
47
7
18
18
18
54
49
39
39
70
69
68
67
128
394
478
483
483
447
241
164
159
500
476
394
441
476
341
366
420
721
686
521
496
488
232
238
196
256
492
393
1716
1717
1661
1371
1423
139
184
229
249
161
169
270
236
216
233
217
71
245
245
330
295
295
120
635
537
599
599
584
70
87
22
42
210
346
502
519
541
809
673
548
558
552
907
1099
1099
1125
1125
335
145
92
40
9
74
71
189
234
280
215
628
588
549
589
660
247
197
344
252
181
241
242
105
122
122
62
85
325
372
372
376
326
79
15
246
241
284
279
281
102
163
416
412
410
424
365
67
71
71
7
5
70
123
161
207
207
142
86
47
28
32
42
45
45
517
513
601
597
605
274
331
543
544
586
948
891
581
581
837
306
306
334
408
113
159
183
202
212
247
524
557
534
450
404
82
24
50
50
290
292
353
309
309
92
148
130
124
200
178
134
140
140
64
64
106
57
374
607
607
551
551
248
15
112
172
212
218
218
120
64
38
24
81
124
121
114
112
59
52
52
44
80
126
90
146
307
267
218
218
169
32
95
143
183
176
192
129
81
41
41
53
78
85
253
310
257
232
270
151
94
94
116
71
35
1260
1291
1315
1338
1324
100
69
24
231
400
412
426
426
195
27
43
29
29
230
280
334
334
355
180
163
87
87
117
586
553
589
589
641
147
147
108
108
4
3
24
43
104
182
219
197
188
172
392
403
433
467
477
200
152
122
160
117
97
100
159
127
175
180
218
221
170
109
104
94
69
128
128
128
96
103
44
110
110
151
165
165
99
110
70
12
12
50
98
170
170
187
148
88
133
138
121
226
246
157
152
306
243
278
383
383
279
238
183
78
78
28
30
30
4
21
21
53
53
202
229
237
210
210
81
36
29
23
44
24
26
98
158
137
179
220
168
123
128
154
135
157
138
209
211
255
401
813
808
738
670
534
181
261
261
263
260
202
52
145
194
147
145
145
102
74
247
469
522
489
512
363
141
115
120
211
208
264
274
317
181
171
163
218
199
205
230
183
112
120
188
200
201
180
153
79
86
87
157
135
135
111
123
54
112
158
171
216
214
151
170
123
105
112
134
68
78
138
142
121
133
145
46
35
47
36
75
75
78
95
143
105
132
128
120
72
48
21
21
1
1
45
45
45
46
669
700
700
700
698
123
136
162
173
175
129
42
147
137
197
237
237
175
207
232
2590
2590
2543
2511
2454
107
147
149
149
120
68
25
48
68
102
123
214
168
165
192
171
212
212
384
719
749
617
683
494
113
91
171
105
127
141
182
254
318
308
278
270
118
54
42
42
0
0
0
57
57
57
57
108
73
80
139
139
88
118
112
53
53
54
2
10
67
75
143
148
165
147
139
234
229
257
403
447
431
456
410
308
265
155
219
240
172
326
388
304
319
303
421
470
471
427
472
200
50
45
124
79
79
134
159
110
110
140
93
68
100
100
116
114
118
59
104
59
53
281
279
373
470
541
356
380
466
376
388
341
505
281
569
486
526
375
511
1517
1635
1619
1641
1528
234
280
267
276
261
253
89
81
12
3
3
3
0
30
30
82
135
297
267
3914
3929
3876
3713
3782
147
81
116
135
336
324
324
291
272
2
21
21
20
36
40
32
32
869
852
939
953
982
214
253
266
241
418
396
357
254
255
85
53
107
109
159
125
122
70
80
28
28
16
40
86
86
126
133
216
475
476
434
427
390
234
450
491
529
457
348
206
166
140
297
262
289
347
337
221
248
189
139
154
123
91
47
38
21
11
117
117
168
173
173
76
91
82
187
190
349
424
382
272
270
91
1
143
143
232
265
265
147
184
1411
1395
1405
1380
1343
71
77
106
195
196
152
128
112
23
30
99
99
108
113
697
664
744
712
707
116
170
117
131
170
170
79
52
94
55
178
215
263
234
303
228
222
175
1549
1480
1486
1486
1486
107
125
71
115
151
147
678
687
614
578
608
118
170
183
183
182
123
81
65
106
61
117
98
98
58
59
3
11
68
67
146
146
181
125
149
105
195
199
202
214
230
159
115
113
75
23
73
132
132
134
134
66
130
130
322
652
711
638
638
486
156
126
72
129
87
145
115
138
82
82
730
739
716
716
793
109
100
133
188
167
144
164
194
151
160
160
228
166
155
89
89
19
17
17
1560
1628
1611
1648
1650
108
283
283
296
294
296
53
53
35
101
99
99
117
84
87
87
188
169
267
198
198
98
176
90
91
91
172
7448
7436
7436
7440
7362
8
8
48
43
40
40
44
4
7
23
23
62
62
129
113
113
415
587
570
573
573
306
149
196
193
193
117
136
35
35
64
98
64
123
123
151
153
153
160
206
217
200
213
218
187
118
135
123
51
37
37
104
104
116
127
127
117
245
233
222
249
256
128
176
176
148
61
61
14
52
71
143
183
183
196
13809
13741
13719
13720
13668
123
106
88
392
428
384
397
467
163
126
143
129
60
1800
1822
1811
1811
1856
133
186
138
139
173
154
115
160
159
219
219
184
190
190
51
51
214
179
179
216
216
53
117
117
79
136
136
57
63
63
8
8
76
71
71
85
85
17
1072
1072
1360
1395
1395
440
440
138
103
103
7
7
47
47
97
124
156
128
128
77
156
124
123
146
146
67
92
81
58
58
41
55
55
62
64
48
9
9
2
98
98
98
98
98
0
449
449
474
474
474
25
25
1
1
1
1
272
593
682
682
715
500
202
114
172
139
136
113
130
1224
1224
1170
1203
1185
80
114
114
95
151
135
237
380
423
392
361
224
178
124
108
138
210
136
185
198
168
123
121
110
1407
1536
1622
1684
1644
1152
1023
911
892
977
150
150
150
109
49
116
135
184
161
143
18146
18176
18140
18174
18167
97
98
83
97
132
132
83
83
169
171
259
259
259
124
96
9
15
79
98
89
89
139
143
784
830
884
827
761
100
89
55
55
98
101
66
75
75
32
102
486
467
476
476
531
148
136
128
128
19
19
20
20
20
1
1
26
209
240
240
240
214
259
260
260
476
501
784
818
1021
805
834
399
352
192
192
138
73
115
130
130
130
191
150
112
133
139
66
47
30
93
133
134
134
131
47
10
163
182
201
258
268
114
95
93
36
73
117
120
104
104
85
88
85
132
331
301
272
272
277
684
677
685
694
652
45
45
51
47
46
46
46
74
70
61
61
61
36
85
86
128
129
766
717
850
807
807
133
159
58
65
326
390
364
580
621
532
467
467
219
202
47
63
63
740
709
715
699
747
70
70
100
100
76
84
140
115
143
145
137
81
59
38
14
17
18
13
95
93
229
228
248
267
267
127
626
804
697
699
699
210
109
154
202
220
211
113
68
37
19
19
20
939
936
986
986
1039
120
148
220
220
195
195
168
73
73
44
44
27
0
87
87
686
728
728
800
801
234
193
217
120
119
87
249
224
395
398
398
291
370
137
133
133
79
49
49
100
155
194
309
321
274
260
312
206
195
190
210
119
61
107
110
81
130
170
248
520
487
438
404
280
87
87
87
88
93
11
20
20
14
18
18
36
36
63
85
97
70
97
70
47
34
34
60
142
186
288
288
235
154
102
0
52
106
106
285
285
330
338
338
198
212
166
157
157
118
103
73
145
149
149
173
241
119
270
270
395
775
778
622
622
473
26
90
105
175
175
234
195
180
136
193
165
170
184
157
100
47
46
32
60
67
80
48
48
27
104
120
163
188
186
103
102
59
80
154
153
125
143
155
77
124
153
162
133
191
146
117
90
60
51
170
207
250
315
267
145
138
95
970
970
973
944
945
7
48
47
173
172
257
293
300
173
185
108
34
25
1717
1705
1805
1854
1854
225
234
125
73
87
57
120
144
144
129
100
81
2949
2958
2958
2954
3099
304
351
352
354
155
134
79
78
150
253
176
176
254
188
115
122
123
46
38
24
79
98
516
524
509
462
447
43
35
71
85
79
100
100
300
271
271
236
236
51
239
239
278
3928
3883
3695
3759
3769
173
198
198
251
231
176
146
323
206
274
274
274
111
111
408
440
440
474
474
349
349
349
378
410
141
156
156
108
76
76
163
163
325
373
429
303
303
112
113
58
53
53
53
13
12
52
52
52
108
152
110
110
125
60
30
49
159
280
339
413
394
284
148
88
11
225
232
317
351
353
159
205
124
102
113
93
40
73
173
194
194
194
158
116
74
152
152
405
335
529
471
787
534
533
566
677
440
496
496
265
136
88
32
39
39
66
34
62
55
163
136
141
122
194
114
169
163
397
864
850
795
826
660
121
154
291
262
185
196
195
58
150
207
237
240
387
294
238
281
675
639
637
637
592
152
77
78
95
73
97
92
142
157
186
161
194
161
128
82
119
56
81
120
127
89
99
147
128
121
121
126
38
18
218
255
303
349
349
149
183
120
71
71
146
108
124
212
239
184
205
189
193
166
170
167
189
101
111
87
174
152
148
138
138
3
12
12
26
166
209
201
201
407
326
280
302
302
346
321
336
314
314
50
61
45
63
63
63
82
111
131
171
171
118
139
13773
13733
13764
13855
13906
267
267
235
290
255
310
310
345
204
249
204
239
204
330
220
180
234
326
184
207
250
182
126
480
457
432
411
376
87
143
122
121
571
507
453
509
538
89
89
153
112
83
83
81
141
182
554
556
1017
890
846
587
588
151
212
243
132
191
208
147
106
103
41
81
96
96
151
191
110
131
131
77
37
241
208
259
272
307
133
186
142
130
474
463
493
490
527
167
276
459
600
565
546
422
214
87
84
84
113
55
64
122
122
181
256
273
214
313
222
145
140
391
293
293
294
264
29
80
80
289
308
292
241
241
76
50
50
51
51
4
3
145
264
264
266
263
170
98
319
374
386
350
302
121
65
96
96
96
73
120
124
141
790
835
846
798
770
167
144
85
85
85
39
0
77
77
82
82
117
122
841
1040
1116
1081
1002
392
200
124
135
132
65
212
788
1066
1066
1070
979
403
114
172
128
60
93
148
171
169
291
275
220
207
214
142
125
194
129
122
75
75
132
130
183
203
203
76
76
38
15
914
914
946
945
958
72
72
88
429
416
421
439
391
36
65
77
59
100
100
111
105
105
115
151
147
156
176
179
143
364
333
364
310
310
89
89
100
131
140
146
162
181
150
291
248
280
200
200
91
91
98
97
97
102
106
99
99
99
82
94
85
406
406
375
361
363
121
121
208
207
167
112
174
96
96
96
92
4090
4122
4122
4211
4190
131
89
91
2
8
8
64
81
232
227
227
170
152
144
167
229
229
286
163
140
78
78
69
48
48
48
50
2
36
79
137
328
341
326
327
333
139
177
168
124
99
154
104
388
762
723
684
684
389
66
102
97
97
97
47
212
204
204
204
251
74
106
149
149
102
98
72
49
49
49
29
22
2
125
140
140
138
155
87
79
140
140
184
129
155
95
115
195
253
219
256
236
141
174
883
846
847
802
711
2
2
0
0
0
0
294
691
691
691
750
456
98
105
196
137
137
175
168
77
77
99
23
83
216
216
236
490
429
296
298
309
55
290
319
349
586
609
375
368
342
52
71
94
129
164
184
147
124
67
30
10
4
4
26
22
38
39
50
33
88
127
126
326
321
307
286
336
165
165
261
230
204
188
223
86
94
69
45
29
29
18
58
100
141
207
209
170
161
101
54
51
50
18
21
29
101
101
143
198
200
129
129
115
76
78
78
78
188
223
279
322
442
319
303
217
199
230
220
189
234
221
71
65
80
167
346
346
408
387
256
64
64
10
10
17
17
20
19
19
10
10
7
0
33
39
39
195
207
177
170
171
16
580
577
577
576
624
48
48
48
110
93
176
176
255
234
202
120
120
44
75
212
259
259
255
184
47
0
1
57
112
186
295
294
290
238
167
162
163
115
167
205
101
148
205
162
132
132
85
27
15
80
82
82
219
265
189
200
316
175
188
190
224
111
114
119
117
70
116
200
176
449
489
441
353
343
114
74
110
110
81
62
147
111
170
213
191
106
134
75
71
67
92
70
108
95
95
199
192
154
128
128
0
82
123
170
175
233
206
169
122
161
199
199
195
272
243
294
239
239
163
156
303
303
342
342
336
62
99
86
274
271
275
268
243
60
138
156
127
127
121
73
32
143
177
244
214
227
452
419
391
391
383
45
85
53
64
140
205
167
158
198
318
297
295
377
343
200
197
214
132
116
265
2680
2822
(R) SWARMRIDER OMEGA
2877
2937
(R) I Am Fish
2742
332
(R) STAR WARS™: Squadrons
(R) Battlefield 3™
(R) Neighboring Islands
275
(R) GIGANTIC ARMY
325
289
276
2962
[0] 371200 Halcyon 6: Starbase Commander Sep/2016 50000 - 100000 0 14.99 1 [English] http://playhalcyon6.com true true true 84% 8h 57m Massive Damage, Inc. [Indie, RPG, Simulation, Strategy]
[1] 441010 Mount Your Friends 3D: A Hard Man is Good to Climb Feb/2018 50000 - 100000 0 2.79 0 [English] null true true false 89% 3h 36m Stegersaurus Software Inc. [Action, Indie, Simulation, Sports]
[2] 913740 WORLD OF HORROR Feb/2020 200000 - 500000 0 14.99 0 [English] http://www.wohgame.com true true false 95% 2h 58m panstasz [Indie, RPG, Early Access]
[3] 298900 Space Hulk: Deathwing Dec/2016 200000 - 500000 0 0.00 0 [English, French, German, Spanish - Spain] http://www.spacehulk-deathwing.com/ true false false 54% 3h 48m Streum On Studio [Action, Adventure]
[4] 271590 Grand Theft Auto V Apr/2015 20000000 - 50000000 17 0.00 1 [English, French, Italian, German, Spanish - Spain, Korean, Polish, Portuguese - Brazil, Russian, Traditional Chinese, Japanese, Simplified Chinese, Spanish - Latin America] http://www.rockstargames.com/V/ true false false 85% 227h 30m Rockstar North [Action, Adventure]
