30484
20200
20788
17449
17090
11766
9825
5792
4647
2918
2235
4719
4656
5323
4672
5737
4380
5600
6609
5946
5350
4369
3107
1665
1836
1423
1290
1201
1439
1845
2226
2204
3664
2939
2717
3234
3378
2033
1981
1961
2209
2642
2554
2645
2265
1210
627
580
607
1162
1382
1735
1706
1699
1217
2577
2326
2516
2459
2540
819
830
1232
1353
2513
2554
3489
2927
3129
2314
6753
5910
6325
6311
6582
2171
2446
1932
1924
1294
1171
1457
1529
1197
1997
2387
2499
2598
3850
3361
3053
2273
2427
1141
986
933
833
591
737
426
446
573
446
1475
1593
1834
1724
1724
574
697
407
477
491
510
295
260
192
276
243
242
291
291
959
1591
1593
1596
1563
905
283
265
559
601
629
663
702
408
936
1003
932
993
934
391
597
661
600
806
822
1040
1005
965
804
858
576
725
1116
1115
1255
1090
903
560
636
593
665
778
719
794
787
632
549
3957
4100
3920
3851
4060
673
1168
1177
1306
1461
1495
748
754
735
336
382
365
337
1003
1322
1231
1193
1323
609
363
403
623
525
1953
1901
2030
2078
2061
1177
4095
3909
3793
3776
3368
702
1094
1331
1678
1477
1223
878
493
2920
3010
3067
3340
3374
949
835
814
553
710
417
530
589
600
572
554
441
574
530
438
439
630
446
520
489
489
390
377
394
431
3014
2960
2981
2891
2867
240
202
187
276
304
326
715
670
830
863
874
494
607
1002
1135
1122
1119
1042
696
433
471
468
510
261
253
707
863
3059
3844
3876
3502
3396
1234
366
386
299
290
298
314
413
413
369
630
604
537
623
792
816
1165
1318
1272
1206
1068
1649
1445
1353
1324
1103
184
197
411
375
353
419
408
1462
2378
2571
2579
2631
1543
612
457
523
1133
2832
2827
2803
2859
2328
477
478
456
294
149
187
539
581
779
962
966
757
694
525
423
392
283
391
459
582
763
1025
1011
939
741
643
371
862
1064
1078
1320
1297
782
575
525
809
855
1140
1552
1563
968
906
666
243
281
398
446
435
429
664
555
569
510
570
364
388
351
339
441
794
848
888
1149
1045
675
775
1087
835
815
777
612
287
336
427
4034
4006
4430
4760
5260
1662
1650
1267
901
294
324
593
531
574
601
804
509
604
592
613
508
547
525
758
1627
1503
1465
1518
1221
318
388
433
345
602
622
735
733
1209
948
894
755
758
242
558
2194
2157
2205
2232
2115
464
2076
2089
2067
1891
1896
476
517
2003
2094
2122
1929
2002
765
677
622
703
2349
2103
2345
3083
3001
1194
1219
969
279
301
961
946
968
928
1170
723
722
842
867
1319
1418
1664
1541
1516
834
453
830
936
1102
1119
1278
632
469
490
424
877
1115
1138
1253
1227
694
600
708
520
599
519
401
270
226
258
372
356
428
427
1041
1354
1486
1546
1906
1384
1562
1414
1516
1264
1379
896
912
705
585
297
364
402
390
471
629
459
383
441
351
186
227
295
319
531
878
1389
1375
1313
1071
771
1218
3079
3356
3866
3812
2843
928
634
137
170
318
473
603
561
549
408
289
300
351
322
294
271
136
115
139
136
186
217
176
221
281
271
452
517
527
630
597
394
596
511
372
406
378
476
903
1040
1016
1072
754
478
465
732
949
1258
1171
1203
3792
3622
3277
3479
3299
814
1444
1614
1630
3310
2929
2337
2435
2293
873
951
861
842
1756
1473
1447
1432
1268
259
327
365
472
410
404
374
467
491
687
694
1046
1012
862
826
921
712
763
862
690
688
528
310
219
220
1902
2115
2175
2474
2493
909
1866
1960
1645
1756
1796
787
718
1446
1556
1618
1477
2045
1347
1136
1029
1444
831
784
779
737
732
881
924
1634
2401
2105
1950
2271
1585
690
1139
1142
867
1322
1334
831
950
862
649
586
692
656
743
430
1255
1553
1463
1435
1465
638
135
175
265
826
923
1063
1051
929
426
386
253
195
545
667
680
698
758
419
327
1558
1559
1500
1563
1500
341
309
876
3182
3135
3023
3118
2606
297
325
327
1061
1280
1360
1363
1722
907
1473
1399
1413
1159
1265
424
448
586
458
359
359
578
446
446
625
1151
871
812
803
745
370
468
489
506
401
290
303
365
1113
1090
1708
1834
1825
1066
1247
1005
729
700
685
552
1125
1133
1147
1178
1216
279
1587
1741
1915
2136
2155
919
1622
1422
1098
1069
1000
126
123
259
220
315
278
332
255
804
668
713
687
748
765
893
878
1006
912
417
399
447
369
626
606
568
613
561
500
576
841
751
983
1033
1208
1015
1012
824
777
550
446
412
383
254
245
345
436
449
700
706
716
728
772
553
553
662
574
633
516
493
354
375
351
526
510
389
371
259
265
296
362
362
351
278
215
375
436
524
457
511
335
330
230
468
436
428
540
605
373
351
630
484
923
919
936
754
739
272
317
367
272
288
310
259
1326
1504
1647
1639
1627
533
379
906
956
966
927
913
351
330
522
681
675
600
520
359
509
504
833
941
864
607
563
159
322
322
271
299
352
81
81
115
86
34
66
69
510
559
592
560
589
115
69
55
55
728
879
875
949
949
273
122
152
60
63
101
105
151
211
264
195
413
396
337
389
389
207
157
197
104
165
155
205
402
386
325
295
236
0
0
250
251
261
261
317
97
106
151
151
168
2038
2028
2030
2098
2026
165
168
110
86
86
94
91
91
48
53
12
12
14
49
51
67
314
311
319
312
289
96
96
86
125
152
172
215
182
143
176
102
60
144
274
215
356
355
295
197
197
68
94
72
86
87
76
50
49
2
52
85
152
152
153
117
129
115
121
119
257
244
191
186
186
73
42
42
1329
1385
1404
1402
1479
1123
1067
1032
1051
1052
128
156
131
175
189
214
235
275
254
225
221
349
402
361
490
864
687
766
770
577
200
263
90
86
105
122
76
76
116
97
57
95
95
137
137
137
82
82
34
34
106
165
970
943
1027
956
907
103
97
37
54
44
44
44
73
397
454
506
532
485
528
471
445
422
415
72
89
63
59
102
62
46
95
95
56
120
168
118
118
115
50
50
209
231
231
230
193
113
131
131
131
354
282
342
342
415
184
228
163
163
118
126
77
41
41
62
105
104
106
149
99
58
60
198
195
257
284
316
609
568
506
466
432
0
67
69
69
106
282
249
248
280
246
70
202
219
217
229
925
787
771
740
820
156
126
192
192
208
261
310
243
281
183
98
169
169
131
120
120
41
99
106
117
117
76
24
380
370
453
453
447
110
139
62
81
113
231
260
255
236
828
728
668
685
729
104
107
428
544
505
509
676
372
341
431
426
290
305
204
108
108
2348
2317
2379
2379
2404
156
156
100
146
156
136
145
139
131
164
115
164
212
174
127
127
83
60
134
151
152
160
135
62
71
101
119
152
202
155
181
203
169
119
128
102
39
49
49
81
50
50
454
454
460
508
508
94
94
47
0
56
56
56
125
176
133
176
176
125
87
77
63
65
47
83
110
111
278
278
253
317
287
164
193
230
134
274
273
288
227
243
340
296
611
674
684
447
447
104
41
15
15
15
6
6
6
26
47
79
126
126
177
171
313
266
347
329
365
257
320
238
188
138
67
4
36
32
76
76
99
67
67
24
70
125
125
188
216
213
228
228
165
137
93
30
61
104
144
255
280
266
232
202
98
96
79
73
125
160
7065
7119
7171
7129
7145
219
180
159
251
223
223
211
198
84
147
114
111
132
224
132
132
152
112
62
62
62
203
204
164
188
189
71
70
68
64
105
208
207
261
421
384
265
265
259
134
171
297
3360
3377
3360
3362
3277
214
174
136
91
53
105
98
150
150
130
107
135
88
133
126
124
78
247
202
202
175
195
20
91
91
99
116
156
86
86
78
94
102
102
102
101
61
13
41
75
126
115
166
159
190
446
444
392
380
316
60
207
207
248
270
219
110
149
99
101
188
337
298
344
374
329
203
227
193
140
266
233
251
239
261
93
82
91
107
83
84
142
103
87
122
122
93
81
99
65
73
226
226
208
267
258
59
59
98
45
45
62
702
663
657
718
701
70
70
70
74
126
183
277
277
213
170
264
212
265
264
279
135
112
59
282
385
399
384
384
168
99
136
174
298
290
231
165
390
267
291
310
361
344
356
366
347
296
46
35
101
101
121
123
173
148
198
178
207
157
112
62
90
131
204
172
221
244
173
136
136
87
38
38
2
49
49
58
73
73
40
40
74
62
112
165
196
151
148
160
113
83
83
20931
20908
20887
20910
20910
72
33
42
18
71
68
981
1065
1092
1039
1033
135
761
737
783
782
767
49
47
7
18
18
18
54
49
39
39
70
69
68
67
128
394
478
483
483
447
241
164
159
500
476
394
441
476
341
366
420
721
686
521
496
488
232
238
196
256
492
393
1716
1717
1661
1371
1423
139
184
229
249
161
169
270
236
216
233
217
71
245
245
330
295
295
120
635
537
599
599
584
70
87
22
42
210
346
502
519
541
809
673
548
558
552
907
1099
1099
1125
1125
335
145
92
40
9
74
71
189
234
280
215
628
588
549
589
660
247
197
344
252
181
241
242
105
122
122
62
85
325
372
372
376
326
79
15
246
241
284
279
281
102
163
416
412
410
424
365
67
71
71
7
5
70
123
161
207
207
142
86
47
28
32
42
45
45
517
513
601
597
605
274
331
543
544
586
948
891
581
581
837
306
306
334
408
113
159
183
202
212
247
524
557
534
450
404
82
24
50
50
290
292
353
309
309
92
148
130
124
200
178
134
140
140
64
64
106
57
374
607
607
551
551
248
15
112
172
212
218
218
120
64
38
24
81
124
121
114
112
59
52
52
44
80
126
90
146
307
267
218
218
169
32
95
143
183
176
192
129
81
41
41
53
78
85
253
310
257
232
270
151
94
94
116
71
35
1260
1291
1315
1338
1324
100
69
24
231
400
412
426
426
195
27
43
29
29
230
280
334
334
355
180
163
87
87
117
586
553
589
589
641
147
147
108
108
4
3
24
43
104
182
219
197
188
172
392
403
433
467
477
200
152
122
160
117
97
100
159
127
175
180
218
221
170
109
104
94
69
128
128
128
96
103
44
110
110
151
165
165
99
110
70
12
12
50
98
170
170
187
148
88
133
138
121
226
246
157
152
306
243
278
383
383
279
238
183
78
78
28
30
30
4
21
21
53
53
202
229
237
210
210
81
36
29
23
44
24
26
98
158
137
179
220
168
123
128
154
135
157
138
209
211
255
401
813
808
738
670
534
181
261
261
263
260
202
52
145
194
147
145
145
102
74
247
469
522
489
512
363
141
115
120
211
208
264
274
317
181
171
163
218
199
205
230
183
112
120
188
200
201
180
153
79
86
87
157
135
135
111
123
54
112
158
171
216
214
151
170
123
105
112
134
68
78
138
142
121
133
145
46
35
47
36
75
75
78
95
143
105
132
128
120
72
48
21
21
1
1
45
45
45
46
669
700
700
700
698
123
136
162
173
175
129
42
147
137
197
237
237
175
207
232
2590
2590
2543
2511
2454
107
147
149
149
120
68
25
48
68
102
123
214
168
165
192
171
212
212
384
719
749
617
683
494
113
91
171
105
127
141
182
254
318
308
278
270
118
54
42
42
0
0
0
57
57
57
57
108
73
80
139
139
88
118
112
53
53
54
2
10
67
75
143
148
165
147
139
234
229
257
403
447
431
456
410
308
265
155
219
240
172
326
388
304
319
303
421
470
471
427
472
200
50
45
124
79
79
134
159
110
110
140
93
68
100
100
116
114
118
59
104
59
53
281
279
373
470
541
356
380
466
376
388
341
505
281
569
486
526
375
511
1517
1635
1619
1641
1528
234
280
267
276
261
253
89
81
12
3
3
3
0
30
30
82
135
297
267
3914
3929
3876
3713
3782
147
81
116
135
336
324
324
291
272
2
21
21
20
36
40
32
32
869
852
939
953
982
214
253
266
241
418
396
357
254
255
85
53
107
109
159
125
122
70
80
28
28
16
40
86
86
126
133
216
475
476
434
427
390
234
450
491
529
457
348
206
166
140
297
262
289
347
337
221
248
189
139
154
123
91
47
38
21
11
117
117
168
173
173
76
91
82
187
190
349
424
382
272
270
91
1
143
143
232
265
265
147
184
1411
1395
1405
1380
1343
71
77
106
195
196
152
128
112
23
30
99
99
108
113
697
664
744
712
707
116
170
117
131
170
170
79
52
94
55
178
215
263
234
303
228
222
175
1549
1480
1486
1486
1486
107
125
71
115
151
147
678
687
614
578
608
118
170
183
183
182
123
81
65
106
61
117
98
98
58
59
3
11
68
67
146
146
181
125
149
105
195
199
202
214
230
159
115
113
75
23
73
132
132
134
134
66
130
130
322
652
711
638
638
486
156
126
72
129
87
145
115
138
82
82
730
739
716
716
793
109
100
133
188
167
144
164
194
151
160
160
228
166
155
89
89
19
17
17
1560
1628
1611
1648
1650
108
283
283
296
294
296
53
53
35
101
99
99
117
84
87
87
188
169
267
198
198
98
176
90
91
91
172
7448
7436
7436
7440
7362
8
8
48
43
40
40
44
4
7
23
23
62
62
129
113
113
415
587
570
573
573
306
149
196
193
193
117
136
35
35
64
98
64
123
123
151
153
153
160
206
217
200
213
218
187
118
135
123
51
37
37
104
104
116
127
127
117
245
233
222
249
256
128
176
176
148
61
61
14
52
71
143
183
183
196
13809
13741
13719
13720
13668
123
106
88
392
428
384
397
467
163
126
143
129
60
1800
1822
1811
1811
1856
133
186
138
139
173
154
115
160
159
219
219
184
190
190
51
51
214
179
179
216
216
53
117
117
79
136
136
57
63
63
8
8
76
71
71
85
85
17
1072
1072
1360
1395
1395
440
440
138
103
103
7
7
47
47
97
124
156
128
128
77
156
124
123
146
146
67
92
81
58
58
41
55
55
62
64
48
9
9
2
98
98
98
98
98
0
449
449
474
474
474
25
25
1
1
1
1
272
593
682
682
715
500
202
114
172
139
136
113
130
1224
1224
1170
1203
1185
80
114
114
95
151
135
237
380
423
392
361
224
178
124
108
138
210
136
185
198
168
123
121
110
1407
1536
1622
1684
1644
1152
1023
911
892
977
150
150
150
109
49
116
135
184
161
143
18146
18176
18140
18174
18167
97
98
83
97
132
132
83
83
169
171
259
259
259
124
96
9
15
79
98
89
89
139
143
784
830
884
827
761
100
89
55
55
98
101
66
75
75
32
102
486
467
476
476
531
148
136
128
128
19
19
20
20
20
1
1
26
209
240
240
240
214
259
260
260
476
501
784
818
1021
805
834
399
352
192
192
138
73
115
130
130
130
191
150
112
133
139
66
47
30
93
133
134
134
131
47
10
163
182
201
258
268
114
95
93
36
73
117
120
104
104
85
88
85
132
331
301
272
272
277
684
677
685
694
652
45
45
51
47
46
46
46
74
70
61
61
61
36
85
86
128
129
766
717
850
807
807
133
159
58
65
326
390
364
580
621
532
467
467
219
202
47
63
63
740
709
715
699
747
70
70
100
100
76
84
140
115
143
145
137
81
59
38
14
17
18
13
95
93
229
228
248
267
267
127
626
804
697
699
699
210
109
154
202
220
211
113
68
37
19
19
20
939
936
986
986
1039
120
148
220
220
195
195
168
73
73
44
44
27
0
87
87
686
728
728
800
801
234
193
217
120
119
87
249
224
395
398
398
291
370
137
133
133
79
49
49
100
155
194
309
321
274
260
312
206
195
190
210
119
61
107
110
81
130
170
248
520
487
438
404
280
87
87
87
88
93
11
20
20
14
18
18
36
36
63
85
97
70
97
70
47
34
34
60
142
186
288
288
235
154
102
0
52
106
106
285
285
330
338
338
198
212
166
157
157
118
103
73
145
149
149
173
241
119
270
270
395
775
778
622
622
473
26
90
105
175
175
234
195
180
136
193
165
170
184
157
100
47
46
32
60
67
80
48
48
27
104
120
163
188
186
103
102
59
80
154
153
125
143
155
77
124
153
162
133
191
146
117
90
60
51
170
207
250
315
267
145
138
95
970
970
973
944
945
7
48
47
173
172
257
293
300
173
185
108
34
25
1717
1705
1805
1854
1854
225
234
125
73
87
57
120
144
144
129
100
81
2949
2958
2958
2954
3099
304
351
352
354
155
134
79
78
150
253
176
176
254
188
115
122
123
46
38
24
79
98
516
524
509
462
447
43
35
71
85
79
100
100
300
271
271
236
236
51
239
239
278
3928
3883
3695
3759
3769
173
198
198
251
231
176
146
323
206
274
274
274
111
111
408
440
440
474
474
349
349
349
378
410
141
156
156
108
76
76
163
163
325
373
429
303
303
112
113
58
53
53
53
13
12
52
52
52
108
152
110
110
125
60
30
49
159
280
339
413
394
284
148
88
11
225
232
317
351
353
159
205
124
102
113
93
40
73
173
194
194
194
158
116
74
152
152
405
335
529
471
787
534
533
566
677
440
496
496
265
136
88
32
39
39
66
34
62
55
163
136
141
122
194
114
169
163
397
864
850
795
826
660
121
154
291
262
185
196
195
58
150
207
237
240
387
294
238
281
675
639
637
637
592
152
77
78
95
73
97
92
142
157
186
161
194
161
128
82
119
56
81
120
127
89
99
147
128
121
121
126
38
18
218
255
303
349
349
149
183
120
71
71
146
108
124
212
239
184
205
189
193
166
170
167
189
101
111
87
174
152
148
138
138
3
12
12
26
166
209
201
201
407
326
280
302
302
346
321
336
314
314
50
61
45
63
63
63
82
111
131
171
171
118
139
13773
13733
13764
13855
13906
267
267
235
290
255
310
310
345
204
249
204
239
204
330
220
180
234
326
184
207
250
182
126
480
457
432
411
376
87
143
122
121
571
507
453
509
538
89
89
153
112
83
83
81
141
182
554
556
1017
890
846
587
588
151
212
243
132
191
208
147
106
103
41
81
96
96
151
191
110
131
131
77
37
241
208
259
272
307
133
186
142
130
474
463
493
490
527
167
276
459
600
565
546
422
214
87
84
84
113
55
64
122
122
181
256
273
214
313
222
145
140
391
293
293
294
264
29
80
80
289
308
292
241
241
76
50
50
51
51
4
3
145
264
264
266
263
170
98
319
374
386
350
302
121
65
96
96
96
73
120
124
141
790
835
846
798
770
167
144
85
85
85
39
0
77
77
82
82
117
122
841
1040
1116
1081
1002
392
200
124
135
132
65
212
788
1066
1066
1070
979
403
114
172
128
60
93
148
171
169
291
275
220
207
214
142
125
194
129
122
75
75
132
130
183
203
203
76
76
38
15
914
914
946
945
958
72
72
88
429
416
421
439
391
36
65
77
59
100
100
111
105
105
115
151
147
156
176
179
143
364
333
364
310
310
89
89
100
131
140
146
162
181
150
291
248
280
200
200
91
91
98
97
97
102
106
99
99
99
82
94
85
406
406
375
361
363
121
121
208
207
167
112
174
96
96
96
92
4090
4122
4122
4211
4190
131
89
91
2
8
8
64
81
232
227
227
170
152
144
167
229
229
286
163
140
78
78
69
48
48
48
50
2
36
79
137
328
341
326
327
333
139
177
168
124
99
154
104
388
762
723
684
684
389
66
102
97
97
97
47
212
204
204
204
251
74
106
149
149
102
98
72
49
49
49
29
22
2
125
140
140
138
155
87
79
140
140
184
129
155
95
115
195
253
219
256
236
141
174
883
846
847
802
711
2
2
0
0
0
0
294
691
691
691
750
456
98
105
196
137
137
175
168
77
77
99
23
83
216
216
236
490
429
296
298
309
55
290
319
349
586
609
375
368
342
52
71
94
129
164
184
147
124
67
30
10
4
4
26
22
38
39
50
33
88
127
126
326
321
307
286
336
165
165
261
230
204
188
223
86
94
69
45
29
29
18
58
100
141
207
209
170
161
101
54
51
50
18
21
29
101
101
143
198
200
129
129
115
76
78
78
78
188
223
279
322
442
319
303
217
199
230
220
189
234
221
71
65
80
167
346
346
408
387
256
64
64
10
10
17
17
20
19
19
10
10
7
0
33
39
39
195
207
177
170
171
16
580
577
577
576
624
48
48
48
110
93
176
176
255
234
202
120
120
44
75
212
259
259
255
184
47
0
1
57
112
186
295
294
290
238
167
162
163
115
167
205
101
148
205
162
132
132
85
27
15
80
82
82
219
265
189
200
316
175
188
190
224
111
114
119
117
70
116
200
176
449
489
441
353
343
114
74
110
110
81
62
147
111
170
213
191
106
134
75
71
67
92
70
108
95
95
199
192
154
128
128
0
82
123
170
175
233
206
169
122
161
199
199
195
272
243
294
239
239
163
156
303
303
342
342
336
62
99
86
274
271
275
268
243
60
138
156
127
127
121
73
32
143
177
244
214
227
452
419
391
391
383
45
85
53
64
140
205
167
158
198
318
297
295
377
343
200
197
214
132
116
265
224
292
300
2177
2525
4137
5288
8048
8077
9699
9029
8852
7431
5739
3994
4330
3964
4257
4541
4379
6426
6401
4878
5646
5721
2726
2954
2903
1766
1577
2032
1702
1737
2083
2123
2531
2416
2844
2513
2447
1286
837
311
211
139
136
499
541
659
668
1519
1199
1269
1318
1740
939
1374
1379
1324
1228
1299
914
1542
2296
1958
2720
3089
2408
1811
1786
1880
1478
1944
1700
7164
6304
6678
6379
6449
1018
1101
1112
1143
1136
1430
1643
1291
1074
1485
1264
1487
1516
1756
2232
2480
1919
2004
1960
1655
1458
2028
2120
2264
1633
2374
1822
1545
2144
2555
2407
2580
2786
2248
4197
4011
4090
3945
3991
2500
2058
1847
2337
2214
1421
2136
2495
2042
2225
2153
1452
1258
1233
1397
2013
2054
1794
2615
2096
1460
1412
1935
1061
1427
1891
1799
1499
1566
1091
1067
1146
920
1515
1566
1221
1336
1379
772
701
1514
1872
1994
2311
2540
1765
1199
1146
792
575
786
1424
1381
1385
1539
1574
952
1004
1054
943
897
903
935
872
826
572
642
466
1026
988
999
905
935
3708
3737
4108
4208
4252
1573
1887
1577
1471
2329
2649
2335
2329
2412
1567
1062
2192
2755
2876
2845
2699
1596
2029
2078
2328
2074
2131
1174
1384
1342
2092
2421
2711
3854
4261
3462
3233
2758
1294
1230
1568
2017
2108
2033
1437
1542
941
2861
2797
3160
2791
3191
1265
1280
1529
1596
1508
1395
1844
1923
1844
1509
1504
1173
1036
1078
1298
1296
2050
1471
1607
1341
1452
686
726
1662
1781
2034
2149
2903
2120
2266
2063
1834
1457
1120
2315
2520
3082
2730
2881
1961
1825
1451
1626
1870
1300
1536
1456
1324
3275
3537
3217
3418
3430
1158
1182
1055
1022
997
983
863
840
781
701
665
637
627
767
1377
1419
2850
3165
2854
2245
2149
624
469
761
1379
1347
1949
1987
1683
1142
1336
791
612
662
589
1130
1247
1232
1152
2211
1575
1621
1630
1659
596
506
276
276
189
190
176
162
308
334
343
300
437
281
294
311
332
190
177
716
706
716
711
716
264
424
471
490
516
391
218
191
536
529
744
704
686
343
358
143
194
171
140
137
193
130
132
166
117
151
152
245
365
407
341
368
254
103
278
299
332
352
455
311
676
667
1014
909
872
545
556
381
507
488
873
1158
966
859
879
424
194
189
172
133
219
120
227
395
517
423
582
505
377
275
272
173
853
1050
1044
1044
1022
354
190
175
346
728
746
697
744
573
177
691
665
650
693
665
244
294
304
285
274
157
206
195
223
265
634
584
573
1900
1946
1582
1787
2008
630
584
883
711
516
771
722
458
422
471
247
346
291
288
250
341
290
467
581
553
429
513
398
304
276
293
162
123
104
117
117
399
395
397
449
491
213
196
200
191
391
387
685
663
668
435
442
151
775
782
766
846
850
277
355
361
306
308
334
208
250
241
257
273
280
238
450
469
371
397
440
209
187
205
153
320
1161
1126
1100
1217
1067
233
445
548
737
693
2619
2401
2365
2088
2184
248
1546
1499
1518
1486
1515
210
225
226
557
563
1157
1158
1155
1053
1030
481
468
471
165
185
164
229
391
438
655
631
580
415
351
507
522
538
667
666
1015
1171
1133
1048
1204
555
392
488
425
835
786
1040
959
958
634
621
430
414
402
157
113
81
92
488
504
536
672
759
401
398
385
298
176
469
536
571
484
487
153
85
55
55
110
474
488
543
604
594
238
213
730
693
645
1092
1122
899
889
897
468
556
235
222
233
425
307
298
444
485
376
385
364
429
426
378
482
714
521
511
487
397
664
1049
1004
1024
1140
624
263
322
250
111
112
135
137
214
214
242
450
397
355
396
404
147
274
459
478
1132
1209
1157
955
941
305
210
145
343
343
439
521
570
354
309
326
314
263
1136
1274
1126
1115
1142
304
198
176
151
153
157
161
235
235
247
205
247
213
188
155
220
141
199
238
271
205
252
210
191
140
217
207
156
180
232
264
278
293
282
1215
1138
1140
2783
3412
2540
2675
2654
1200
1009
930
846
822
708
416
392
358
634
584
428
463
444
223
256
253
314
283
270
228
234
177
253
281
290
305
349
274
236
197
193
101
196
166
157
144
160
63
155
248
216
488
556
542
473
525
290
258
247
545
1003
953
925
860
597
759
849
880
979
944
308
300
270
160
150
154
63
239
285
554
552
552
367
376
98
83
92
486
546
560
563
598
204
127
294
291
252
282
245
69
71
194
268
307
295
368
270
554
876
946
881
858
517
238
233
210
314
285
302
374
459
396
402
372
270
226
441
442
373
369
370
226
217
348
365
929
813
870
840
942
339
399
532
634
559
551
709
629
427
440
439
218
167
199
219
344
368
307
290
181
664
671
699
755
824
216
200
397
488
473
517
570
491
371
401
725
825
665
731
1509
1549
1413
1469
1385
552
265
350
307
282
295
451
334
372
402
1037
798
833
989
1042
796
807
957
786
752
543
500
317
291
244
43
39
39
54
91
251
473
508
495
503
336
121
147
277
234
446
471
458
325
1321
1099
1100
1070
1370
524
520
540
532
259
105
172
175
167
180
212
351
294
316
326
357
206
264
434
381
318
291
233
86
141
262
670
670
831
814
749
349
404
203
443
468
498
477
693
479
454
400
398
199
158
111
135
142
114
167
343
368
372
371
785
598
585
561
607
183
2465
2490
2502
2500
2517
272
255
288
254
199
260
241
249
347
348
250
254
517
744
756
839
1023
722
410
365
282
140
156
182
226
393
435
536
1077
1104
988
896
774
233
282
243
267
300
251
253
242
271
276
297
194
307
343
420
439
487
477
430
391
549
518
457
503
398
233
239
247
168
289
347
373
322
354
324
240
631
717
779
713
742
355
366
248
246
253
215
161
179
181
452
496
453
428
451
135
122
162
181
134
166
221
270
251
653
676
595
506
576
204
195
221
302
264
803
792
838
2083
2075
1769
1748
1671
372
370
177
175
178
213
203
178
243
261
326
501
570
519
482
442
316
201
195
251
208
655
702
965
1032
1058
677
691
409
321
280
192
131
185
639
644
699
789
1303
834
1073
1018
1045
1278
1624
1351
1347
1229
469
157
213
241
241
234
214
156
270
353
373
367
442
319
239
232
298
274
215
212
290
273
225
372
385
305
647
691
936
940
941
696
692
364
674
642
498
513
511
1251
1361
1323
1290
1258
283
188
238
255
221
191
204
154
213
261
269
230
246
216
205
168
479
985
944
908
1102
825
402
481
484
256
231
13116
13049
13938
13938
13930
972
975
152
419
466
442
402
355
218
358
375
697
702
571
413
609
283
275
289
380
309
493
487
516
428
356
269
326
315
610
606
576
530
513
186
151
86
60
45
137
102
193
267
288
243
837
821
770
773
725
359
289
324
309
316
88
159
1367
1360
1360
1458
1425
182
187
237
221
236
216
221
233
144
107
149
160
776
781
857
866
843
197
4822
4724
4720
4757
4793
169
683
641
650
619
634
134
152
156
138
251
526
588
600
616
573
848
803
755
865
803
297
414
671
541
570
513
352
132
131
227
227
251
204
199
89
128
127
258
795
924
884
915
800
308
151
229
286
376
364
351
321
213
218
188
239
307
302
301
373
379
262
262
378
286
262
353
426
244
352
354
363
291
245
266
363
293
369
376
331
251
304
234
351
310
705
628
780
752
710
294
341
246
170
230
322
1340
1463
1470
1439
1317
262
162
163
140
301
291
263
249
263
133
163
245
288
295
308
271
179
127
99
456
898
906
900
1040
1390
1023
1015
1083
1151
435
555
647
722
558
529
400
438
384
354
378
340
222
328
501
507
492
452
299
154
162
171
247
275
312
268
285
237
490
1084
1104
1100
1129
866
241
377
370
477
625
864
742
756
588
471
218
241
408
426
335
330
467
257
573
615
589
547
684
421
402
523
1059
966
1679
1682
1572
910
866
202
175
182
157
157
133
133
175
334
454
372
405
364
201
109
351
399
746
751
730
492
483
511
506
600
626
554
195
224
338
280
285
304
447
360
394
419
774
681
665
918
916
584
552
462
227
266
232
210
223
806
792
1019
1094
1137
546
567
298
264
361
384
332
454
397
231
287
336
210
210
568
700
734
783
806
530
285
227
224
215
134
187
140
188
198
243
189
208
320
364
358
550
607
565
1255
1245
1065
1062
951
224
403
650
600
597
624
454
292
274
303
294
346
256
304
235
194
244
238
401
567
605
515
548
390
399
373
360
320
611
676
730
857
857
553
340
294
333
378
332
578
626
491
487
487
243
335
301
387
453
1861
1684
1742
1644
1630
209
278
306
303
294
319
256
193
287
302
300
336
271
233
346
358
375
377
408
294
308
306
521
1111
1054
2108
2051
2937
2265
2277
1192
1192
163
208
639
600
858
794
746
361
358
180
169
216
209
224
149
233
296
284
338
916
960
821
855
830
296
189
239
169
239
214
195
189
308
209
202
259
255
162
194
180
1348
1382
1506
1730
2273
1303
1280
1156
957
469
213
235
231
202
168
196
149
121
170
147
587
595
704
618
674
254
332
330
339
450
562
538
457
1317
1442
1329
1298
1361
509
253
272
261
276
289
464
689
696
602
924
714
497
490
501
187
188
263
246
281
251
378
228
373
339
331
206
230
56
136
280
306
1181
1310
1209
1276
1248
430
370
419
336
936
1256
1193
1715
1580
1178
808
802
243
243
77
254
296
315
315
281
138
169
329
390
544
789
736
582
562
455
191
280
256
257
378
350
244
237
231
139
324
420
617
601
525
405
368
928
981
986
929
1097
1982
1994
2038
2014
1810
227
145
116
172
630
578
584
675
4670
4209
4546
4587
4530
515
639
319
307
506
470
369
462
477
324
362
337
234
215
324
285
322
324
708
669
669
610
622
388
479
625
651
678
524
1322
1230
1216
1164
1180
208
191
309
360
793
795
787
657
656
237
371
547
866
850
793
596
564
284
281
312
352
256
217
270
961
902
974
993
926
240
776
649
678
907
1129
756
917
892
721
459
302
118
207
189
226
275
356
642
635
638
591
4350
3976
3948
3946
4257
423
398
415
452
224
265
1648
1625
1607
1558
1525
218
246
683
674
818
780
744
326
434
442
424
970
936
838
704
742
338
325
287
286
266
506
568
562
597
557
189
98
238
262
798
787
809
664
576
171
306
317
850
866
785
676
1007
528
585
540
613
298
271
229
265
156
206
226
426
404
422
779
765
534
603
684
270
280
337
266
255
1473
1474
1419
1576
1497
259
356
478
683
686
702
623
624
1158
1160
1144
1112
988
97
110
105
79
111
961
955
1076
1107
1726
905
878
788
788
234
254
299
311
275
214
203
160
199
199
163
6445
6458
6403
6908
6935
632
623
605
109
118
267
290
700
691
698
613
580
214
243
241
190
190
123
170
203
266
425
731
655
679
778
712
607
652
770
609
570
426
502
312
397
409
394
364
455
848
826
2806
2826
2707
2302
2257
257
177
211
147
172
174
233
272
246
267
319
270
198
165
356
1848
1866
1915
1965
1731
297
237
265
250
300
206
348
302
376
473
437
340
358
252
399
432
627
578
605
413
413
203
3633
3643
4847
5327
5392
2380
3310
2003
1527
1483
1197
259
259
218
272
578
546
550
589
538
191
233
249
216
318
250
265
622
846
717
712
707
570
369
379
4922
4952
4749
4730
4700
139
120
84
124
116
116
49
49
41
43
43
43
43
6
3
3
12
12
9
9
9
0
0
0
0
2
28
1629
1674
1685
1683
1657
97
132
168
168
240
199
119
399
399
334
336
506
178
243
237
240
71
71
14
14
8
54
325
317
317
317
271
51
51
110
110
149
98
103
44
86
47
47
42
42
0
79
79
115
115
115
38
38
2
2
8
6
6
73
73
68
68
68
0
0
6
6
228
229
271
310
310
152
152
109
64
196
132
132
132
132
24
24
62
62
78
54
72
33
33
18
30
172
173
178
178
166
31
76
70
70
70
45
33
172
220
220
220
187
49
0
14
18
52
81
81
69
65
31
10
10
55
55
82
73
73
67
68
47
47
47
16
16
65
65
375
424
435
380
395
87
28
25
25
30
27
46
86
86
66
71
52
28
48
63
95
95
72
147
394
361
361
361
265
4
39
39
44
44
44
5
76
71
123
123
123
51
51
12
12
12
12
12
93
93
119
161
161
68
68
42
0
0
0
0
0
0
0
0
0
50
50
50
50
50
0
0
44
56
56
56
60
26
14
14
14
10
60
61
61
61
90
30
29
29
29
48
91
91
91
91
44
1
1
1
1
30
30
30
53
53
83
83
83
60
125
65
65
65
65
103
103
103
103
103
230
238
238
238
238
8
34
34
34
34
34
60
60
100
265
264
273
273
233
68
68
0
0
0
50
321
348
348
348
297
27
28
28
60
368
419
15605
15605
15573
15265
15214
0
42
157
157
160
198
155
40
40
38
91
199
204
204
204
198
90
85
85
85
165
165
236
304
304
153
153
161
97
97
174
304
224
220
220
130
0
67
67
67
67
67
0
0
14
14
17
54
54
40
40
37
18
18
57
57
57
44
44
5
103
103
98
98
98
2
22
22
35
35
33
17
76
94
113
113
145
85
55
36
36
0
66
66
66
66
117
51
119
150
150
99
99
59
158
158
158
158
130
55
55
55
55
79
25
25
25
25
1
0
0
23
23
51
105
110
87
87
206
153
360
360
360
212
219
63
63
63
63
57
25
191
191
191
191
223
74
74
122
124
178
161
161
113
153
46
150
150
151
146
142
327
327
382
391
391
101
102
47
12
63
63
62
62
51
0
0
0
0
0
0
0
9
9
9
94
125
117
117
6785
6702
6671
6671
6671
2
39
39
42
42
42
3
40
67
79
79
87
51
87
110
110
157
184
146
192
192
245
276
254
196
196
93
58
50
28
28
24
0
0
0
0
26
71
289
289
290
264
245
27
81
81
106
79
79
107
123
99
99
103
66
218
245
245
259
213
44
42
42
24
24
101
120
120
123
123
46
117
132
128
128
141
69
55
55
55
42
11
239
239
239
239
227
0
0
210
232
232
232
232
50
55
55
55
60
101
81
81
142
137
67
61
138
77
77
120
120
49
162
200
157
157
152
38
36
36
36
128
200
164
164
164
74
38
39
71
120
118
111
152
160
111
111
86
88
49
86
86
81
78
78
96
96
96
54
54
53
53
85
85
85
33
33
1
1
1
55
64
64
64
64
60
60
64
64
67
16
7
131
131
128
128
128
0
91
91
91
91
91
0
0
38
38
38
56
56
60
99
146
128
128
86
77
74
74
111
111
110
65
65
28
28
47
47
81
81
81
87
87
53
136
136
83
83
83
0
0
24
32
46
46
208
306
298
284
284
131
36
107
107
107
98
72
0
0
0
0
1939
2167
2167
2453
2453
515
287
654
368
368
412
428
61
421
421
376
360
360
22
64
157
183
183
174
132
96
120
132
175
246
189
139
129
73
1
1
29
82
82
82
82
54
0
0
0
56
57
204
204
204
193
193
87
150
150
104
104
156
128
135
135
135
63
267
288
365
365
364
131
103
310
467
446
441
441
157
0
0
0
80
80
80
80
80
53
53
53
197
197
144
144
144
0
0
4
17
17
23
23
19
6
6
0
0
0
0
0
43
43
43
75
75
32
32
32
0
0
0
5
12
18
38
38
33
26
20
0
0
52
107
107
107
107
116
61
61
61
61
0
0
0
0
0
0
5
5
39
39
39
33
33
46
46
60
60
116
70
115
102
102
46
46
0
0
33
33
42
45
45
12
12
21
48
212
212
257
1743
1713
1638
1683
1638
134
134
99
54
56
113
113
87
107
104
104
104
76
89
132
113
163
163
129
86
87
213
238
238
274
237
61
78
78
68
80
80
39
39
13
42
170
169
363
408
409
281
350
156
111
105
105
37
37
37
0
0
348
348
348
348
348
0
0
39
40
40
40
40
1
0
0
46
46
78
78
315
325
325
293
293
97
42
65
417
417
425
427
422
72
72
24
23
4
2
6
15
62
62
81
124
113
86
86
67
21
23
3
3
3
3
0
0
0
36
68
74
74
74
71
39
33
107
151
137
175
175
100
56
38
0
0
0
0
0
112
112
112
146
146
145
268
361
386
386
317
194
101
233
247
206
237
237
45
77
77
46
98
98
52
52
52
0
56
56
56
56
56
0
0
27
33
92
92
92
68
61
45
45
45
42
42
55
55
55
55
55
0
1
1
1
22
22
29
29
29
7
115
108
158
331
351
244
244
193
47
27
85
124
124
148
148
117
79
79
27
63
74
106
106
879
843
805
914
914
141
149
149
80
115
115
107
107
35
0
56
56
56
55
171
136
179
179
283
173
153
110
172
67
62
63
63
1
1
1
55
55
57
104
137
83
83
121
74
41
252
252
216
224
272
142
145
145
137
89
62
58
65
65
111
58
59
48
99
52
87
85
88
38
41
6
6
25
25
22
22
22
0
0
0
0
52
52
52
52
52
50
50
50
50
50
0
61
61
113
145
283
235
263
282
250
113
99
71
0
0
60
79
79
119
121
61
42
42
2
53
67
67
108
108
55
42
42
2
1
1
0
0
1
20
64
64
65
105
105
61
70
68
56
37
45
311
354
1211
1219
1270
995
953
67
97
39
39
79
93
55
54
56
17
38
38
84
83
83
46
47
28
28
88
498
498
470
470
533
123
123
144
144
23
23
23
2
3
21
60
117
118
116
96
57
1
37
37
37
37
37
0
0
7
7
7
7
49
52
52
64
99
75
64
64
52
18
0
35
35
83
83
83
48
48
95
214
214
217
217
128
99
124
183
317
384
327
317
274
140
67
34
73
55
106
106
169
172
172
158
178
310
252
252
239
225
71
71
71
46
93
52
52
52
75
22
22
22
28
35
634
688
688
710
739
140
156
183
156
136
136
66
42
42
63
134
191
188
231
182
200
143
143
100
88
0
0
21
21
198
198
247
261
261
123
123
125
91
91
89
117
66
66
117
79
139
139
299
248
248
160
224
63
119
130
185
122
154
99
88
32
47
15
15
15
29
14
14
14
15
10
12
12
12
11
2
0
21
21
70
70
89
72
74
25
42
47
89
87
87
69
45
0
0
0
0
0
18
18
22
77
137
119
119
115
60
0
0
54
137
156
471
472
418
335
519
203
240
240
240
38
38
0
12
36
36
36
36
66
43
43
43
43
399
427
427
427
458
60
53
53
74
62
62
81
81
94
80
80
44
51
16
12
12
7
48
48
64
283
283
289
289
273
54
78
24
28
128
128
105
105
154
53
53
74
74
21
22
22
1
1
1
2
47
56
56
60
58
13
4
4
15
20
20
34
38
23
18
18
4
0
0
26
46
46
46
74
48
28
46
46
18
20
27
45
68
68
66
62
28
195
233
233
355
402
256
235
235
111
62
18
21
21
34
168
168
156
156
143
10
10
0
6
6
6
23
23
16
16
16
0
50
51
51
51
172
121
121
129
129
8
8
8
0
0
0
13
13
29
29
29
17
17
0
0
0
0
0
23
56
114
114
351
328
391
388
388
150
150
87
33
86
132
133
162
162
108
62
62
0
0
0
131
131
137
176
198
67
67
61
83
61
61
114
114
53
53
53
1
48
48
48
67
66
79
79
134
257
334
274
274
218
76
0
0
1
1
47
111
111
110
117
71
8
8
8
0
0
0
59
59
67
67
67
8
8
0
0
3
26
26
26
74
71
48
48
99
51
51
73
151
147
147
147
178
100
53
130
135
138
138
210
132
127
72
72
75
121
162
162
162
86
40
0
22
22
23
41
57
62
284
284
562
546
520
298
318
21
21
20
25
28
118
118
118
112
270
180
180
180
232
52
52
52
113
73
73
92
151
92
80
80
61
2
0
68
68
68
70
228
160
165
165
212
90
90
85
88
83
47
47
47
43
10
10
10
116
116
116
116
116
10
10
40
40
40
40
40
0
85
252
252
252
252
174
32
32
55
55
47
118
118
164
164
165
71
71
2
6
5
3
3
3
34
34
76
107
107
73
166
124
99
121
209
116
116
110
89
4
46
84
126
126
122
135
160
117
117
118
63
0
0
0
409
409
409
409
477
68
68
68
210
142
156
157
157
15
61
47
47
47
47
17
49
49
64
64
67
41
41
25
25
6
0
0
0
7
61
61
61
61
110
56
56
73
73
104
104
104
87
87
0
54
54
54
54
54
6
25
25
25
81
75
56
56
56
0
11
11
11
53
53
106
106
106
107
107
44
45
45
1
1
1
53
54
54
54
54
1
16
35
48
100
164
148
129
140
87
24
24
24
0
12
34
34
34
44
32
10
291
291
282
336
336
94
94
94
42
82
42
73
73
71
31
34
2
2
2
2
0
0
0
48
48
79
79
79
31
31
1
48
48
57
57
73
25
25
16
247
231
231
231
231
0
0
57
57
57
81
81
74
171
178
154
154
104
7
0
10
10
10
10
10
182
182
182
182
182
68
138
145
145
2601
2692
(R) Ilamentia
2677
2730
(R) Red Galaxy
(R) Arma 3
359
332
(R) STAR WARS™: Squadrons
(R) Battlefield 3™
(R) Neighboring Islands
(R) GIGANTIC ARMY
(R) Your Friend Hana
537
(R) Halcyon 6: Starbase Commander
216
6933
7537
5664
5224
[0] 441010 Mount Your Friends 3D: A Hard Man is Good to Climb Feb/2018 50000 - 100000 0 2.79 0 [English] null true true false 89% 3h 36m Stegersaurus Software Inc. [Action, Indie, Simulation, Sports]
[1] 271590 Grand Theft Auto V Apr/2015 20000000 - 50000000 17 0.00 1 [English, French, Italian, German, Spanish - Spain, Korean, Polish, Portuguese - Brazil, Russian, Traditional Chinese, Japanese, Simplified Chinese, Spanish - Latin America] http://www.rockstargames.com/V/ true false false 85% 227h 30m Rockstar North [Action, Adventure]
[2] 388080 Borderless Gaming Jul/2015 200000 - 500000 0 3.99 1 [English, German, Russian, French, Simplified Chinese, Spanish - Spain, Korean, Polish, Traditional Chinese, Japanese, Ukrainian] http://andrew.im/ true false false 88% 145h 44m AndrewMD5,Codeusa [Utilities]
[3] 890720 In Other Waters Apr/2020 50000 - 100000 0 14.99 2 [English, Japanese, Simplified Chinese] https://fellowtraveller.games/games/in-other-waters/ true true false 88% 44m Jump Over The Age [Adventure, Indie]
[4] 469600 Legion TD 2 - Multiplayer Tower Defense Oct/2021 500000 - 1000000 0 19.99 0 [English, German, Spanish - Spain, Dutch, Portuguese - Brazil, Russian, Swedish, French, Polish, Turkish, Spanish - Latin America, Simplified Chinese, Traditional Chinese, Japanese, Korean, Norwegian, Ukrainian, Italian, Czech, Hungarian, Romanian, Arabic, Bulgarian, Danish, Finnish] https://legiontd2.com true false false 86% 57h 45m AutoAttack Games [Casual, Indie, Strategy]
